<?xml version="1.0" encoding="UTF-8"?>
<!-- Generated by org.testng.reporters.JUnitReportReporter -->
<testsuite hostname="EC2AMAZ-CHIJMME" failures="0" tests="4"
	name="crudTest.HTTPRequestTest" time="5.606" errors="0"
	timestamp="2024-07-26T10:11:32 UTC" skipped="0">
	<testcase classname="crudTest.HTTPRequestTest" name="createSingle"
		time="5.283" />
	<system-out />
	<testcase classname="crudTest.HTTPRequestTest" name="getSingle" time="0.190" />
	<system-out />
	<testcase classname="crudTest.HTTPRequestTest" name="deleteSingle"
		time="0.094" />
	<system-out />
	<testcase classname="crudTest.HTTPRequestTest" name="getAll" time="0.039" />
	<system-out />
</testsuite> <!-- crudTest.HTTPRequestTest -->
