<?xml version="1.0" encoding="UTF-8"?>
<!-- Generated by org.testng.reporters.JUnitReportReporter -->
<testsuite hostname="EC2AMAZ-CHIJMME" failures="0" tests="6" name="api.test.UserDDTest" time="8.250" errors="0" timestamp="2024-08-02T15:38:51 UTC" skipped="0">
  <testcase classname="api.test.UserDDTest" name="testPostuser" time="3.336"/>
  <system-out/>
  <testcase classname="api.test.UserDDTest" name="testPostuser" time="1.006"/>
  <system-out/>
  <testcase classname="api.test.UserDDTest" name="testPostuser" time="0.961"/>
  <system-out/>
  <testcase classname="api.test.UserDDTest" name="testDeleteUserByName" time="1.010"/>
  <system-out/>
  <testcase classname="api.test.UserDDTest" name="testDeleteUserByName" time="0.961"/>
  <system-out/>
  <testcase classname="api.test.UserDDTest" name="testDeleteUserByName" time="0.976"/>
  <system-out/>
</testsuite> <!-- api.test.UserDDTest -->
