<?xml version="1.0" encoding="UTF-8"?>
<!-- Generated by org.testng.reporters.JUnitReportReporter -->
<testsuite hostname="EC2AMAZ-CHIJMME" failures="0" tests="6" name="api.test.UserDDTest" time="8.400" errors="0" timestamp="2024-08-05T10:56:29 UTC" skipped="0">
  <testcase classname="api.test.UserDDTest" name="testPostuser" time="0.978"/>
  <testcase classname="api.test.UserDDTest" name="testPostuser" time="0.975"/>
  <testcase classname="api.test.UserDDTest" name="testPostuser" time="3.493"/>
  <testcase classname="api.test.UserDDTest" name="testDeleteUserByName" time="0.974"/>
  <testcase classname="api.test.UserDDTest" name="testDeleteUserByName" time="1.008"/>
  <testcase classname="api.test.UserDDTest" name="testDeleteUserByName" time="0.972"/>
</testsuite> <!-- api.test.UserDDTest -->
